# JRE version: OpenJDK Runtime Environment JBR-17.0.9+7-1087.7-nomod (17.0.9+7) (build 17.0.9+7-b1087.7)
# Java VM: OpenJDK 64-Bit Server VM JBR-17.0.9+7-1087.7-nomod (17.0.9+7-b1087.7, mixed mode, tiered, compressed oops, compressed class ptrs, g1 gc, windows-amd64)
GC Precious Log:
 CPUs: 8 total, 8 available
 Memory: 16171M
 Large Page Support: Disabled
 NUMA Support: Disabled
 Compressed Oops: Enabled (Zero based)
 Heap Region Size: 2M
 Heap Min Capacity: 8M
 Heap Initial Capacity: 254M
 Heap Max Capacity: 4044M
 Pre-touch: Disabled
 Parallel Workers: 8
 Concurrent Workers: 2
 Concurrent Refinement Workers: 8
 Periodic GC: Disabled
Heap:
 garbage-first heap   total 172032K, used 116527K [0x0000000703400000, 0x0000000800000000)
  region size 2048K, 25 young (51200K), 2 survivors (4096K)
 Metaspace       used 41914K, committed 42304K, reserved 1114112K
  class space    used 4099K, committed 4288K, reserved 1048576K
GC Heap History (20 events):
Event: 7.720 GC heap before
{Heap before GC invocations=24 (full 0):
 garbage-first heap   total 143360K, used 70049K [0x0000000703400000, 0x0000000800000000)
  region size 2048K, 9 young (18432K), 2 survivors (4096K)
 Metaspace       used 39410K, committed 39744K, reserved 1114112K
  class space    used 3965K, committed 4096K, reserved 1048576K
}
Event: 7.722 GC heap after
{Heap after GC invocations=25 (full 0):
 garbage-first heap   total 143360K, used 29186K [0x0000000703400000, 0x0000000800000000)
  region size 2048K, 2 young (4096K), 2 survivors (4096K)
 Metaspace       used 39410K, committed 39744K, reserved 1114112K
  class space    used 3965K, committed 4096K, reserved 1048576K
}
Event: 27.755 GC heap before
{Heap before GC invocations=25 (full 0):
 garbage-first heap   total 143360K, used 131586K [0x0000000703400000, 0x0000000800000000)
  region size 2048K, 42 young (86016K), 2 survivors (4096K)
 Metaspace       used 41112K, committed 41408K, reserved 1114112K
  class space    used 4052K, committed 4160K, reserved 1048576K
}
Event: 27.758 GC heap after
{Heap after GC invocations=26 (full 0):
 garbage-first heap   total 143360K, used 34565K [0x0000000703400000, 0x0000000800000000)
  region size 2048K, 2 young (4096K), 2 survivors (4096K)
 Metaspace       used 41112K, committed 41408K, reserved 1114112K
  class space    used 4052K, committed 4160K, reserved 1048576K
}
Event: 35.483 GC heap before
{Heap before GC invocations=26 (full 0):
 garbage-first heap   total 143360K, used 124677K [0x0000000703400000, 0x0000000800000000)
  region size 2048K, 42 young (86016K), 2 survivors (4096K)
 Metaspace       used 41763K, committed 42112K, reserved 1114112K
  class space    used 4098K, committed 4224K, reserved 1048576K
}
Event: 35.486 GC heap after
{Heap after GC invocations=27 (full 0):
 garbage-first heap   total 143360K, used 37689K [0x0000000703400000, 0x0000000800000000)
  region size 2048K, 2 young (4096K), 2 survivors (4096K)
 Metaspace       used 41763K, committed 42112K, reserved 1114112K
  class space    used 4098K, committed 4224K, reserved 1048576K
}
Event: 35.631 GC heap before
{Heap before GC invocations=27 (full 0):
 garbage-first heap   total 143360K, used 117561K [0x0000000703400000, 0x0000000800000000)
  region size 2048K, 28 young (57344K), 2 survivors (4096K)
 Metaspace       used 41776K, committed 42112K, reserved 1114112K
  class space    used 4098K, committed 4224K, reserved 1048576K
}
Event: 35.633 GC heap after
{Heap after GC invocations=28 (full 0):
 garbage-first heap   total 143360K, used 40238K [0x0000000703400000, 0x0000000800000000)
  region size 2048K, 2 young (4096K), 2 survivors (4096K)
 Metaspace       used 41776K, committed 42112K, reserved 1114112K
  class space    used 4098K, committed 4224K, reserved 1048576K
}
Event: 35.879 GC heap before
{Heap before GC invocations=28 (full 0):
 garbage-first heap   total 143360K, used 120110K [0x0000000703400000, 0x0000000800000000)
  region size 2048K, 31 young (63488K), 2 survivors (4096K)
 Metaspace       used 41798K, committed 42112K, reserved 1114112K
  class space    used 4098K, committed 4224K, reserved 1048576K
}
Event: 35.881 GC heap after
{Heap after GC invocations=29 (full 0):
 garbage-first heap   total 143360K, used 40391K [0x0000000703400000, 0x0000000800000000)
  region size 2048K, 2 young (4096K), 2 survivors (4096K)
 Metaspace       used 41798K, committed 42112K, reserved 1114112K
  class space    used 4098K, committed 4224K, reserved 1048576K
}
Event: 36.031 GC heap before
{Heap before GC invocations=29 (full 0):
 garbage-first heap   total 143360K, used 81351K [0x0000000703400000, 0x0000000800000000)
  region size 2048K, 11 young (22528K), 2 survivors (4096K)
 Metaspace       used 41806K, committed 42112K, reserved 1114112K
  class space    used 4098K, committed 4224K, reserved 1048576K
}
Event: 36.033 GC heap after
{Heap after GC invocations=30 (full 0):
 garbage-first heap   total 143360K, used 44618K [0x0000000703400000, 0x0000000800000000)
  region size 2048K, 2 young (4096K), 2 survivors (4096K)
 Metaspace       used 41806K, committed 42112K, reserved 1114112K
  class space    used 4098K, committed 4224K, reserved 1048576K
}
Event: 36.141 GC heap before
{Heap before GC invocations=30 (full 0):
 garbage-first heap   total 143360K, used 67146K [0x0000000703400000, 0x0000000800000000)
  region size 2048K, 9 young (18432K), 2 survivors (4096K)
 Metaspace       used 41809K, committed 42112K, reserved 1114112K
  class space    used 4098K, committed 4224K, reserved 1048576K
}
Event: 36.143 GC heap after
{Heap after GC invocations=31 (full 0):
 garbage-first heap   total 143360K, used 42620K [0x0000000703400000, 0x0000000800000000)
  region size 2048K, 2 young (4096K), 2 survivors (4096K)
 Metaspace       used 41809K, committed 42112K, reserved 1114112K
  class space    used 4098K, committed 4224K, reserved 1048576K
}
Event: 36.308 GC heap before
{Heap before GC invocations=31 (full 0):
 garbage-first heap   total 143360K, used 73340K [0x0000000703400000, 0x0000000800000000)
  region size 2048K, 7 young (14336K), 2 survivors (4096K)
 Metaspace       used 41810K, committed 42112K, reserved 1114112K
  class space    used 4098K, committed 4224K, reserved 1048576K
}
Event: 36.310 GC heap after
{Heap after GC invocations=32 (full 0):
 garbage-first heap   total 172032K, used 52822K [0x0000000703400000, 0x0000000800000000)
  region size 2048K, 2 young (4096K), 2 survivors (4096K)
 Metaspace       used 41810K, committed 42112K, reserved 1114112K
  class space    used 4098K, committed 4224K, reserved 1048576K
}
Event: 36.693 GC heap before
{Heap before GC invocations=32 (full 0):
 garbage-first heap   total 172032K, used 108118K [0x0000000703400000, 0x0000000800000000)
  region size 2048K, 17 young (34816K), 2 survivors (4096K)
 Metaspace       used 41821K, committed 42176K, reserved 1114112K
  class space    used 4098K, committed 4224K, reserved 1048576K
}
Event: 36.696 GC heap after
{Heap after GC invocations=33 (full 0):
 garbage-first heap   total 172032K, used 55032K [0x0000000703400000, 0x0000000800000000)
  region size 2048K, 2 young (4096K), 2 survivors (4096K)
 Metaspace       used 41821K, committed 42176K, reserved 1114112K
  class space    used 4098K, committed 4224K, reserved 1048576K
}
Event: 36.884 GC heap before
{Heap before GC invocations=33 (full 0):
 garbage-first heap   total 172032K, used 93944K [0x0000000703400000, 0x0000000800000000)
  region size 2048K, 11 young (22528K), 2 survivors (4096K)
 Metaspace       used 41822K, committed 42176K, reserved 1114112K
  class space    used 4098K, committed 4224K, reserved 1048576K
}
Event: 36.886 GC heap after
{Heap after GC invocations=34 (full 0):
 garbage-first heap   total 172032K, used 42799K [0x0000000703400000, 0x0000000800000000)
  region size 2048K, 2 young (4096K), 2 survivors (4096K)
 Metaspace       used 41822K, committed 42176K, reserved 1114112K
  class space    used 4098K, committed 4224K, reserved 1048576K
}

