# JRE version: OpenJDK Runtime Environment JBR-17.0.9+7-1087.7-nomod (17.0.9+7) (build 17.0.9+7-b1087.7)
# Java VM: OpenJDK 64-Bit Server VM JBR-17.0.9+7-1087.7-nomod (17.0.9+7-b1087.7, mixed mode, tiered, compressed oops, compressed class ptrs, g1 gc, windows-amd64)
GC Precious Log:
 CPUs: 8 total, 8 available
 Memory: 16171M
 Large Page Support: Disabled
 NUMA Support: Disabled
 Compressed Oops: Enabled (Zero based)
 Heap Region Size: 2M
 Heap Min Capacity: 8M
 Heap Initial Capacity: 254M
 Heap Max Capacity: 4044M
 Pre-touch: Disabled
 Parallel Workers: 8
 Concurrent Workers: 2
 Concurrent Refinement Workers: 8
 Periodic GC: Disabled
Heap:
 garbage-first heap   total 159744K, used 48556K [0x0000000703400000, 0x0000000800000000)
  region size 2048K, 9 young (18432K), 1 survivors (2048K)
 Metaspace       used 41092K, committed 41408K, reserved 1114112K
  class space    used 4045K, committed 4160K, reserved 1048576K
GC Heap History (20 events):
Event: 8.608 GC heap before
{Heap before GC invocations=28 (full 0):
 garbage-first heap   total 159744K, used 148414K [0x0000000703400000, 0x0000000800000000)
  region size 2048K, 45 young (92160K), 1 survivors (2048K)
 Metaspace       used 39326K, committed 39616K, reserved 1114112K
  class space    used 3960K, committed 4096K, reserved 1048576K
}
Event: 8.609 GC heap after
{Heap after GC invocations=29 (full 0):
 garbage-first heap   total 159744K, used 34339K [0x0000000703400000, 0x0000000800000000)
  region size 2048K, 2 young (4096K), 2 survivors (4096K)
 Metaspace       used 39326K, committed 39616K, reserved 1114112K
  class space    used 3960K, committed 4096K, reserved 1048576K
}
Event: 8.853 GC heap before
{Heap before GC invocations=29 (full 0):
 garbage-first heap   total 159744K, used 149027K [0x0000000703400000, 0x0000000800000000)
  region size 2048K, 46 young (94208K), 2 survivors (4096K)
 Metaspace       used 39337K, committed 39616K, reserved 1114112K
  class space    used 3960K, committed 4096K, reserved 1048576K
}
Event: 8.854 GC heap after
{Heap after GC invocations=30 (full 0):
 garbage-first heap   total 159744K, used 35880K [0x0000000703400000, 0x0000000800000000)
  region size 2048K, 1 young (2048K), 1 survivors (2048K)
 Metaspace       used 39337K, committed 39616K, reserved 1114112K
  class space    used 3960K, committed 4096K, reserved 1048576K
}
Event: 9.139 GC heap before
{Heap before GC invocations=30 (full 0):
 garbage-first heap   total 159744K, used 150568K [0x0000000703400000, 0x0000000800000000)
  region size 2048K, 44 young (90112K), 1 survivors (2048K)
 Metaspace       used 39347K, committed 39680K, reserved 1114112K
  class space    used 3960K, committed 4096K, reserved 1048576K
}
Event: 9.141 GC heap after
{Heap after GC invocations=31 (full 0):
 garbage-first heap   total 159744K, used 38695K [0x0000000703400000, 0x0000000800000000)
  region size 2048K, 1 young (2048K), 1 survivors (2048K)
 Metaspace       used 39347K, committed 39680K, reserved 1114112K
  class space    used 3960K, committed 4096K, reserved 1048576K
}
Event: 9.380 GC heap before
{Heap before GC invocations=31 (full 0):
 garbage-first heap   total 159744K, used 151335K [0x0000000703400000, 0x0000000800000000)
  region size 2048K, 46 young (94208K), 1 survivors (2048K)
 Metaspace       used 39347K, committed 39680K, reserved 1114112K
  class space    used 3960K, committed 4096K, reserved 1048576K
}
Event: 9.381 GC heap after
{Heap after GC invocations=32 (full 0):
 garbage-first heap   total 159744K, used 35896K [0x0000000703400000, 0x0000000800000000)
  region size 2048K, 1 young (2048K), 1 survivors (2048K)
 Metaspace       used 39347K, committed 39680K, reserved 1114112K
  class space    used 3960K, committed 4096K, reserved 1048576K
}
Event: 9.696 GC heap before
{Heap before GC invocations=32 (full 0):
 garbage-first heap   total 159744K, used 148536K [0x0000000703400000, 0x0000000800000000)
  region size 2048K, 40 young (81920K), 1 survivors (2048K)
 Metaspace       used 39371K, committed 39680K, reserved 1114112K
  class space    used 3963K, committed 4096K, reserved 1048576K
}
Event: 9.697 GC heap after
{Heap after GC invocations=33 (full 0):
 garbage-first heap   total 159744K, used 31242K [0x0000000703400000, 0x0000000800000000)
  region size 2048K, 1 young (2048K), 1 survivors (2048K)
 Metaspace       used 39371K, committed 39680K, reserved 1114112K
  class space    used 3963K, committed 4096K, reserved 1048576K
}
Event: 10.065 GC heap before
{Heap before GC invocations=33 (full 0):
 garbage-first heap   total 159744K, used 150026K [0x0000000703400000, 0x0000000800000000)
  region size 2048K, 41 young (83968K), 1 survivors (2048K)
 Metaspace       used 39379K, committed 39680K, reserved 1114112K
  class space    used 3963K, committed 4096K, reserved 1048576K
}
Event: 10.066 GC heap after
{Heap after GC invocations=34 (full 0):
 garbage-first heap   total 159744K, used 30505K [0x0000000703400000, 0x0000000800000000)
  region size 2048K, 1 young (2048K), 1 survivors (2048K)
 Metaspace       used 39379K, committed 39680K, reserved 1114112K
  class space    used 3963K, committed 4096K, reserved 1048576K
}
Event: 10.367 GC heap before
{Heap before GC invocations=34 (full 0):
 garbage-first heap   total 159744K, used 151337K [0x0000000703400000, 0x0000000800000000)
  region size 2048K, 46 young (94208K), 1 survivors (2048K)
 Metaspace       used 39390K, committed 39680K, reserved 1114112K
  class space    used 3963K, committed 4096K, reserved 1048576K
}
Event: 10.368 GC heap after
{Heap after GC invocations=35 (full 0):
 garbage-first heap   total 159744K, used 31891K [0x0000000703400000, 0x0000000800000000)
  region size 2048K, 1 young (2048K), 1 survivors (2048K)
 Metaspace       used 39390K, committed 39680K, reserved 1114112K
  class space    used 3963K, committed 4096K, reserved 1048576K
}
Event: 10.716 GC heap before
{Heap before GC invocations=35 (full 0):
 garbage-first heap   total 159744K, used 130195K [0x0000000703400000, 0x0000000800000000)
  region size 2048K, 31 young (63488K), 1 survivors (2048K)
 Metaspace       used 39410K, committed 39744K, reserved 1114112K
  class space    used 3963K, committed 4096K, reserved 1048576K
}
Event: 10.717 GC heap after
{Heap after GC invocations=36 (full 0):
 garbage-first heap   total 159744K, used 32276K [0x0000000703400000, 0x0000000800000000)
  region size 2048K, 1 young (2048K), 1 survivors (2048K)
 Metaspace       used 39410K, committed 39744K, reserved 1114112K
  class space    used 3963K, committed 4096K, reserved 1048576K
}
Event: 11.098 GC heap before
{Heap before GC invocations=36 (full 0):
 garbage-first heap   total 159744K, used 112148K [0x0000000703400000, 0x0000000800000000)
  region size 2048K, 23 young (47104K), 1 survivors (2048K)
 Metaspace       used 39456K, committed 39744K, reserved 1114112K
  class space    used 3967K, committed 4096K, reserved 1048576K
}
Event: 11.099 GC heap after
{Heap after GC invocations=37 (full 0):
 garbage-first heap   total 159744K, used 29276K [0x0000000703400000, 0x0000000800000000)
  region size 2048K, 1 young (2048K), 1 survivors (2048K)
 Metaspace       used 39456K, committed 39744K, reserved 1114112K
  class space    used 3967K, committed 4096K, reserved 1048576K
}
Event: 28.471 GC heap before
{Heap before GC invocations=37 (full 0):
 garbage-first heap   total 159744K, used 143964K [0x0000000703400000, 0x0000000800000000)
  region size 2048K, 46 young (94208K), 1 survivors (2048K)
 Metaspace       used 40844K, committed 41216K, reserved 1114112K
  class space    used 4015K, committed 4160K, reserved 1048576K
}
Event: 28.473 GC heap after
{Heap after GC invocations=38 (full 0):
 garbage-first heap   total 159744K, used 34220K [0x0000000703400000, 0x0000000800000000)
  region size 2048K, 1 young (2048K), 1 survivors (2048K)
 Metaspace       used 40844K, committed 41216K, reserved 1114112K
  class space    used 4015K, committed 4160K, reserved 1048576K
}

